# JRE version: OpenJDK Runtime Environment Temurin-17.0.2+8 (17.0.2+8) (build 17.0.2+8)
# Java VM: OpenJDK 64-Bit Server VM Temurin-17.0.2+8 (17.0.2+8, mixed mode, tiered, compressed oops, compressed class ptrs, g1 gc, windows-amd64)
GC Precious Log:
 CPUs: 12 total, 12 available
 Memory: 6005M
 Large Page Support: Disabled
 NUMA Support: Disabled
 Compressed Oops: Enabled (32-bit)
 Heap Region Size: 1M
 Heap Min Capacity: 8M
 Heap Initial Capacity: 94M
 Heap Max Capacity: 1502M
 Pre-touch: Disabled
 Parallel Workers: 10
 Concurrent Workers: 3
 Concurrent Refinement Workers: 10
 Periodic GC: Disabled
Heap:
 garbage-first heap   total 78848K, used 40445K [0x00000000a2200000, 0x0000000100000000)
  region size 1024K, 6 young (6144K), 5 survivors (5120K)
 Metaspace       used 30402K, committed 30656K, reserved 1081344K
  class space    used 3172K, committed 3328K, reserved 1048576K
GC Heap History (16 events):
Event: 0.846 GC heap before
{Heap before GC invocations=0 (full 0):
 garbage-first heap   total 96256K, used 23552K [0x00000000a2200000, 0x0000000100000000)
  region size 1024K, 23 young (23552K), 0 survivors (0K)
 Metaspace       used 12729K, committed 12864K, reserved 1064960K
  class space    used 1259K, committed 1344K, reserved 1048576K
}
Event: 0.851 GC heap after
{Heap after GC invocations=1 (full 0):
 garbage-first heap   total 96256K, used 3232K [0x00000000a2200000, 0x0000000100000000)
  region size 1024K, 3 young (3072K), 3 survivors (3072K)
 Metaspace       used 12729K, committed 12864K, reserved 1064960K
  class space    used 1259K, committed 1344K, reserved 1048576K
}
Event: 1.555 GC heap before
{Heap before GC invocations=1 (full 0):
 garbage-first heap   total 96256K, used 36000K [0x00000000a2200000, 0x0000000100000000)
  region size 1024K, 35 young (35840K), 3 survivors (3072K)
 Metaspace       used 18713K, committed 18816K, reserved 1073152K
  class space    used 2002K, committed 2048K, reserved 1048576K
}
Event: 1.562 GC heap after
{Heap after GC invocations=2 (full 0):
 garbage-first heap   total 96256K, used 5665K [0x00000000a2200000, 0x0000000100000000)
  region size 1024K, 3 young (3072K), 3 survivors (3072K)
 Metaspace       used 18713K, committed 18816K, reserved 1073152K
  class space    used 2002K, committed 2048K, reserved 1048576K
}
Event: 2.081 GC heap before
{Heap before GC invocations=2 (full 0):
 garbage-first heap   total 96256K, used 59937K [0x00000000a2200000, 0x0000000100000000)
  region size 1024K, 56 young (57344K), 3 survivors (3072K)
 Metaspace       used 20639K, committed 20800K, reserved 1073152K
  class space    used 2142K, committed 2240K, reserved 1048576K
}
Event: 2.095 GC heap after
{Heap after GC invocations=3 (full 0):
 garbage-first heap   total 96256K, used 12809K [0x00000000a2200000, 0x0000000100000000)
  region size 1024K, 7 young (7168K), 7 survivors (7168K)
 Metaspace       used 20639K, committed 20800K, reserved 1073152K
  class space    used 2142K, committed 2240K, reserved 1048576K
}
Event: 4.498 GC heap before
{Heap before GC invocations=3 (full 0):
 garbage-first heap   total 96256K, used 62985K [0x00000000a2200000, 0x0000000100000000)
  region size 1024K, 56 young (57344K), 7 survivors (7168K)
 Metaspace       used 21073K, committed 21248K, reserved 1073152K
  class space    used 2148K, committed 2240K, reserved 1048576K
}
Event: 4.510 GC heap after
{Heap after GC invocations=4 (full 0):
 garbage-first heap   total 96256K, used 18617K [0x00000000a2200000, 0x0000000100000000)
  region size 1024K, 6 young (6144K), 6 survivors (6144K)
 Metaspace       used 21073K, committed 21248K, reserved 1073152K
  class space    used 2148K, committed 2240K, reserved 1048576K
}
Event: 5.683 GC heap before
{Heap before GC invocations=4 (full 0):
 garbage-first heap   total 96256K, used 40121K [0x00000000a2200000, 0x0000000100000000)
  region size 1024K, 28 young (28672K), 6 survivors (6144K)
 Metaspace       used 21279K, committed 21504K, reserved 1073152K
  class space    used 2162K, committed 2304K, reserved 1048576K
}
Event: 5.690 GC heap after
{Heap after GC invocations=5 (full 0):
 garbage-first heap   total 96256K, used 20992K [0x00000000a2200000, 0x0000000100000000)
  region size 1024K, 2 young (2048K), 2 survivors (2048K)
 Metaspace       used 21279K, committed 21504K, reserved 1073152K
  class space    used 2162K, committed 2304K, reserved 1048576K
}
Event: 9.350 GC heap before
{Heap before GC invocations=6 (full 0):
 garbage-first heap   total 75776K, used 65024K [0x00000000a2200000, 0x0000000100000000)
  region size 1024K, 46 young (47104K), 2 survivors (2048K)
 Metaspace       used 22714K, committed 22976K, reserved 1073152K
  class space    used 2290K, committed 2432K, reserved 1048576K
}
Event: 9.356 GC heap after
{Heap after GC invocations=7 (full 0):
 garbage-first heap   total 75776K, used 23006K [0x00000000a2200000, 0x0000000100000000)
  region size 1024K, 4 young (4096K), 4 survivors (4096K)
 Metaspace       used 22714K, committed 22976K, reserved 1073152K
  class space    used 2290K, committed 2432K, reserved 1048576K
}
Event: 10.126 GC heap before
{Heap before GC invocations=7 (full 0):
 garbage-first heap   total 75776K, used 61918K [0x00000000a2200000, 0x0000000100000000)
  region size 1024K, 38 young (38912K), 4 survivors (4096K)
 Metaspace       used 27217K, committed 27456K, reserved 1081344K
  class space    used 2870K, committed 3008K, reserved 1048576K
}
Event: 10.133 GC heap after
{Heap after GC invocations=8 (full 0):
 garbage-first heap   total 75776K, used 24589K [0x00000000a2200000, 0x0000000100000000)
  region size 1024K, 4 young (4096K), 4 survivors (4096K)
 Metaspace       used 27217K, committed 27456K, reserved 1081344K
  class space    used 2870K, committed 3008K, reserved 1048576K
}
Event: 13.059 GC heap before
{Heap before GC invocations=8 (full 0):
 garbage-first heap   total 75776K, used 62477K [0x00000000a2200000, 0x0000000100000000)
  region size 1024K, 37 young (37888K), 4 survivors (4096K)
 Metaspace       used 30399K, committed 30656K, reserved 1081344K
  class space    used 3172K, committed 3328K, reserved 1048576K
}
Event: 13.071 GC heap after
{Heap after GC invocations=9 (full 0):
 garbage-first heap   total 78848K, used 40445K [0x00000000a2200000, 0x0000000100000000)
  region size 1024K, 5 young (5120K), 5 survivors (5120K)
 Metaspace       used 30399K, committed 30656K, reserved 1081344K
  class space    used 3172K, committed 3328K, reserved 1048576K
}

