# JRE version: OpenJDK Runtime Environment Temurin-17.0.2+8 (17.0.2+8) (build 17.0.2+8)
# Java VM: OpenJDK 64-Bit Server VM Temurin-17.0.2+8 (17.0.2+8, mixed mode, tiered, compressed oops, compressed class ptrs, g1 gc, windows-amd64)
GC Precious Log:
 CPUs: 12 total, 12 available
 Memory: 6005M
 Large Page Support: Disabled
 NUMA Support: Disabled
 Compressed Oops: Enabled (32-bit)
 Heap Region Size: 1M
 Heap Min Capacity: 8M
 Heap Initial Capacity: 94M
 Heap Max Capacity: 1502M
 Pre-touch: Disabled
 Parallel Workers: 10
 Concurrent Workers: 3
 Concurrent Refinement Workers: 10
 Periodic GC: Disabled
Heap:
 garbage-first heap   total 351232K, used 300290K [0x00000000a2200000, 0x0000000100000000)
  region size 1024K, 71 young (72704K), 7 survivors (7168K)
 Metaspace       used 43753K, committed 44160K, reserved 1089536K
  class space    used 4537K, committed 4736K, reserved 1048576K
GC Heap History (20 events):
Event: 5.948 GC heap before
{Heap before GC invocations=9 (full 0):
 garbage-first heap   total 75776K, used 62368K [0x00000000a2200000, 0x0000000100000000)
  region size 1024K, 36 young (36864K), 2 survivors (2048K)
 Metaspace       used 30468K, committed 30720K, reserved 1081344K
  class space    used 3182K, committed 3328K, reserved 1048576K
}
Event: 5.961 GC heap after
{Heap after GC invocations=10 (full 0):
 garbage-first heap   total 78848K, used 41301K [0x00000000a2200000, 0x0000000100000000)
  region size 1024K, 5 young (5120K), 5 survivors (5120K)
 Metaspace       used 30468K, committed 30720K, reserved 1081344K
  class space    used 3182K, committed 3328K, reserved 1048576K
}
Event: 6.276 GC heap before
{Heap before GC invocations=10 (full 0):
 garbage-first heap   total 78848K, used 54613K [0x00000000a2200000, 0x0000000100000000)
  region size 1024K, 19 young (19456K), 5 survivors (5120K)
 Metaspace       used 31418K, committed 31680K, reserved 1081344K
  class space    used 3265K, committed 3392K, reserved 1048576K
}
Event: 6.289 GC heap after
{Heap after GC invocations=11 (full 0):
 garbage-first heap   total 207872K, used 44786K [0x00000000a2200000, 0x0000000100000000)
  region size 1024K, 3 young (3072K), 3 survivors (3072K)
 Metaspace       used 31418K, committed 31680K, reserved 1081344K
  class space    used 3265K, committed 3392K, reserved 1048576K
}
Event: 7.424 GC heap before
{Heap before GC invocations=11 (full 0):
 garbage-first heap   total 207872K, used 147186K [0x00000000a2200000, 0x0000000100000000)
  region size 1024K, 97 young (99328K), 3 survivors (3072K)
 Metaspace       used 32245K, committed 32512K, reserved 1081344K
  class space    used 3331K, committed 3456K, reserved 1048576K
}
Event: 7.448 GC heap after
{Heap after GC invocations=12 (full 0):
 garbage-first heap   total 207872K, used 75767K [0x00000000a2200000, 0x0000000100000000)
  region size 1024K, 13 young (13312K), 13 survivors (13312K)
 Metaspace       used 32245K, committed 32512K, reserved 1081344K
  class space    used 3331K, committed 3456K, reserved 1048576K
}
Event: 8.156 GC heap before
{Heap before GC invocations=12 (full 0):
 garbage-first heap   total 207872K, used 144375K [0x00000000a2200000, 0x0000000100000000)
  region size 1024K, 78 young (79872K), 13 survivors (13312K)
 Metaspace       used 33561K, committed 33920K, reserved 1081344K
  class space    used 3429K, committed 3584K, reserved 1048576K
}
Event: 8.177 GC heap after
{Heap after GC invocations=13 (full 0):
 garbage-first heap   total 207872K, used 85432K [0x00000000a2200000, 0x0000000100000000)
  region size 1024K, 8 young (8192K), 8 survivors (8192K)
 Metaspace       used 33561K, committed 33920K, reserved 1081344K
  class space    used 3429K, committed 3584K, reserved 1048576K
}
Event: 8.905 GC heap before
{Heap before GC invocations=13 (full 0):
 garbage-first heap   total 207872K, used 148920K [0x00000000a2200000, 0x0000000100000000)
  region size 1024K, 70 young (71680K), 8 survivors (8192K)
 Metaspace       used 35511K, committed 35840K, reserved 1081344K
  class space    used 3654K, committed 3840K, reserved 1048576K
}
Event: 8.915 GC heap after
{Heap after GC invocations=14 (full 0):
 garbage-first heap   total 207872K, used 86898K [0x00000000a2200000, 0x0000000100000000)
  region size 1024K, 4 young (4096K), 4 survivors (4096K)
 Metaspace       used 35511K, committed 35840K, reserved 1081344K
  class space    used 3654K, committed 3840K, reserved 1048576K
}
Event: 9.015 GC heap before
{Heap before GC invocations=14 (full 0):
 garbage-first heap   total 207872K, used 93042K [0x00000000a2200000, 0x0000000100000000)
  region size 1024K, 11 young (11264K), 4 survivors (4096K)
 Metaspace       used 35670K, committed 35968K, reserved 1089536K
  class space    used 3655K, committed 3840K, reserved 1048576K
}
Event: 9.020 GC heap after
{Heap after GC invocations=15 (full 0):
 garbage-first heap   total 207872K, used 86922K [0x00000000a2200000, 0x0000000100000000)
  region size 1024K, 4 young (4096K), 4 survivors (4096K)
 Metaspace       used 35670K, committed 35968K, reserved 1089536K
  class space    used 3655K, committed 3840K, reserved 1048576K
}
Event: 9.795 GC heap before
{Heap before GC invocations=16 (full 0):
 garbage-first heap   total 207872K, used 161674K [0x00000000a2200000, 0x0000000100000000)
  region size 1024K, 74 young (75776K), 4 survivors (4096K)
 Metaspace       used 36207K, committed 36544K, reserved 1089536K
  class space    used 3676K, committed 3840K, reserved 1048576K
}
Event: 9.804 GC heap after
{Heap after GC invocations=17 (full 0):
 garbage-first heap   total 207872K, used 90624K [0x00000000a2200000, 0x0000000100000000)
  region size 1024K, 6 young (6144K), 6 survivors (6144K)
 Metaspace       used 36207K, committed 36544K, reserved 1089536K
  class space    used 3676K, committed 3840K, reserved 1048576K
}
Event: 9.837 GC heap before
{Heap before GC invocations=17 (full 0):
 garbage-first heap   total 207872K, used 94720K [0x00000000a2200000, 0x0000000100000000)
  region size 1024K, 10 young (10240K), 6 survivors (6144K)
 Metaspace       used 36218K, committed 36608K, reserved 1089536K
  class space    used 3676K, committed 3840K, reserved 1048576K
}
Event: 9.846 GC heap after
{Heap after GC invocations=18 (full 0):
 garbage-first heap   total 207872K, used 90559K [0x00000000a2200000, 0x0000000100000000)
  region size 1024K, 1 young (1024K), 1 survivors (1024K)
 Metaspace       used 36218K, committed 36608K, reserved 1089536K
  class space    used 3676K, committed 3840K, reserved 1048576K
}
Event: 13.265 GC heap before
{Heap before GC invocations=18 (full 0):
 garbage-first heap   total 207872K, used 164287K [0x00000000a2200000, 0x0000000100000000)
  region size 1024K, 72 young (73728K), 1 survivors (1024K)
 Metaspace       used 40875K, committed 41280K, reserved 1089536K
  class space    used 4178K, committed 4352K, reserved 1048576K
}
Event: 13.271 GC heap after
{Heap after GC invocations=19 (full 0):
 garbage-first heap   total 351232K, used 91583K [0x00000000a2200000, 0x0000000100000000)
  region size 1024K, 6 young (6144K), 6 survivors (6144K)
 Metaspace       used 40875K, committed 41280K, reserved 1089536K
  class space    used 4178K, committed 4352K, reserved 1048576K
}
Event: 14.870 GC heap before
{Heap before GC invocations=19 (full 0):
 garbage-first heap   total 351232K, used 171455K [0x00000000a2200000, 0x0000000100000000)
  region size 1024K, 15 young (15360K), 6 survivors (6144K)
 Metaspace       used 41453K, committed 41856K, reserved 1089536K
  class space    used 4234K, committed 4416K, reserved 1048576K
}
Event: 14.875 GC heap after
{Heap after GC invocations=20 (full 0):
 garbage-first heap   total 351232K, used 164098K [0x00000000a2200000, 0x0000000100000000)
  region size 1024K, 7 young (7168K), 7 survivors (7168K)
 Metaspace       used 41453K, committed 41856K, reserved 1089536K
  class space    used 4234K, committed 4416K, reserved 1048576K
}

